<?xml version="1.0" encoding="UTF-8"?>
<coverage generated="1645536647442" clover="3.2.0">
  <project timestamp="1645536647442" name="All files">
    <metrics statements="42" coveredstatements="38" conditionals="4" coveredconditionals="2" methods="25" coveredmethods="21" elements="71" coveredelements="61" complexity="0" loc="42" ncloc="42" packages="1" files="1" classes="1"/>
    <file name="app.js" path="/Users/ksy/refactoring/refactoring2/chapter4/app.js">
      <metrics statements="42" coveredstatements="38" conditionals="4" coveredconditionals="2" methods="25" coveredmethods="21"/>
      <line num="2" count="5" type="stmt"/>
      <line num="16" count="8" type="stmt"/>
      <line num="17" count="8" type="stmt"/>
      <line num="18" count="8" type="stmt"/>
      <line num="19" count="8" type="stmt"/>
      <line num="20" count="8" type="stmt"/>
      <line num="21" count="15" type="stmt"/>
      <line num="25" count="15" type="stmt"/>
      <line num="26" count="15" type="stmt"/>
      <line num="30" count="0" type="stmt"/>
      <line num="33" count="6" type="stmt"/>
      <line num="36" count="11" type="stmt"/>
      <line num="39" count="1" type="stmt"/>
      <line num="42" count="5" type="stmt"/>
      <line num="45" count="2" type="stmt"/>
      <line num="48" count="5" type="stmt"/>
      <line num="51" count="0" type="stmt"/>
      <line num="55" count="5" type="stmt"/>
      <line num="59" count="5" type="stmt"/>
      <line num="63" count="5" type="stmt"/>
      <line num="67" count="5" type="stmt"/>
      <line num="71" count="5" type="stmt"/>
      <line num="72" count="5" type="stmt"/>
      <line num="73" count="5" type="stmt"/>
      <line num="74" count="16" type="stmt"/>
      <line num="76" count="12" type="stmt"/>
      <line num="77" count="12" type="stmt"/>
      <line num="78" count="12" type="stmt"/>
      <line num="80" count="5" type="stmt"/>
      <line num="86" count="15" type="stmt"/>
      <line num="87" count="15" type="stmt"/>
      <line num="88" count="15" type="stmt"/>
      <line num="89" count="15" type="cond" truecount="1" falsecount="1"/>
      <line num="93" count="0" type="stmt"/>
      <line num="97" count="44" type="stmt"/>
      <line num="101" count="0" type="stmt"/>
      <line num="105" count="27" type="stmt"/>
      <line num="109" count="1" type="stmt"/>
      <line num="110" count="1" type="cond" truecount="1" falsecount="1"/>
      <line num="111" count="1" type="stmt"/>
      <line num="112" count="1" type="stmt"/>
      <line num="116" count="1" type="stmt"/>
    </file>
  </project>
</coverage>
