{"/Users/ksy/refactoring/refactoring2/chapter4/app.js": {"path":"/Users/ksy/refactoring/refactoring2/chapter4/app.js","statementMap":{"0":{"start":{"line":2,"column":2},"end":{"line":11,"column":4}},"1":{"start":{"line":16,"column":4},"end":{"line":16,"column":26}},"2":{"start":{"line":17,"column":4},"end":{"line":17,"column":25}},"3":{"start":{"line":18,"column":4},"end":{"line":18,"column":30}},"4":{"start":{"line":19,"column":4},"end":{"line":19,"column":30}},"5":{"start":{"line":20,"column":4},"end":{"line":20,"column":28}},"6":{"start":{"line":21,"column":4},"end":{"line":21,"column":74}},"7":{"start":{"line":21,"column":33},"end":{"line":21,"column":72}},"8":{"start":{"line":25,"column":4},"end":{"line":25,"column":30}},"9":{"start":{"line":26,"column":4},"end":{"line":26,"column":44}},"10":{"start":{"line":30,"column":4},"end":{"line":30,"column":22}},"11":{"start":{"line":33,"column":4},"end":{"line":33,"column":35}},"12":{"start":{"line":36,"column":4},"end":{"line":36,"column":33}},"13":{"start":{"line":39,"column":4},"end":{"line":39,"column":32}},"14":{"start":{"line":42,"column":4},"end":{"line":42,"column":24}},"15":{"start":{"line":45,"column":4},"end":{"line":45,"column":33}},"16":{"start":{"line":48,"column":4},"end":{"line":48,"column":23}},"17":{"start":{"line":51,"column":4},"end":{"line":51,"column":32}},"18":{"start":{"line":55,"column":4},"end":{"line":55,"column":48}},"19":{"start":{"line":59,"column":4},"end":{"line":59,"column":46}},"20":{"start":{"line":63,"column":4},"end":{"line":63,"column":45}},"21":{"start":{"line":67,"column":4},"end":{"line":67,"column":56}},"22":{"start":{"line":71,"column":26},"end":{"line":71,"column":37}},"23":{"start":{"line":72,"column":17},"end":{"line":72,"column":18}},"24":{"start":{"line":73,"column":4},"end":{"line":79,"column":9}},"25":{"start":{"line":74,"column":22},"end":{"line":74,"column":37}},"26":{"start":{"line":76,"column":29},"end":{"line":76,"column":68}},"27":{"start":{"line":77,"column":8},"end":{"line":77,"column":40}},"28":{"start":{"line":78,"column":8},"end":{"line":78,"column":40}},"29":{"start":{"line":80,"column":4},"end":{"line":80,"column":18}},"30":{"start":{"line":86,"column":4},"end":{"line":86,"column":31}},"31":{"start":{"line":87,"column":4},"end":{"line":87,"column":27}},"32":{"start":{"line":88,"column":4},"end":{"line":88,"column":27}},"33":{"start":{"line":89,"column":4},"end":{"line":89,"column":44}},"34":{"start":{"line":93,"column":4},"end":{"line":93,"column":22}},"35":{"start":{"line":97,"column":4},"end":{"line":97,"column":22}},"36":{"start":{"line":101,"column":4},"end":{"line":101,"column":31}},"37":{"start":{"line":105,"column":4},"end":{"line":105,"column":28}},"38":{"start":{"line":109,"column":19},"end":{"line":109,"column":38}},"39":{"start":{"line":110,"column":26},"end":{"line":110,"column":59}},"40":{"start":{"line":111,"column":4},"end":{"line":111,"column":71}},"41":{"start":{"line":112,"column":4},"end":{"line":112,"column":37}},"42":{"start":{"line":116,"column":0},"end":{"line":119,"column":2}}},"fnMap":{"0":{"name":"sampleProvinceData","decl":{"start":{"line":1,"column":16},"end":{"line":1,"column":34}},"loc":{"start":{"line":1,"column":37},"end":{"line":12,"column":1}},"line":1},"1":{"name":"(anonymous_1)","decl":{"start":{"line":15,"column":2},"end":{"line":15,"column":3}},"loc":{"start":{"line":15,"column":19},"end":{"line":22,"column":3}},"line":15},"2":{"name":"(anonymous_2)","decl":{"start":{"line":21,"column":26},"end":{"line":21,"column":27}},"loc":{"start":{"line":21,"column":33},"end":{"line":21,"column":72}},"line":21},"3":{"name":"(anonymous_3)","decl":{"start":{"line":24,"column":2},"end":{"line":24,"column":3}},"loc":{"start":{"line":24,"column":19},"end":{"line":27,"column":3}},"line":24},"4":{"name":"(anonymous_4)","decl":{"start":{"line":29,"column":2},"end":{"line":29,"column":3}},"loc":{"start":{"line":29,"column":13},"end":{"line":31,"column":3}},"line":29},"5":{"name":"(anonymous_5)","decl":{"start":{"line":32,"column":2},"end":{"line":32,"column":3}},"loc":{"start":{"line":32,"column":18},"end":{"line":34,"column":3}},"line":32},"6":{"name":"(anonymous_6)","decl":{"start":{"line":35,"column":2},"end":{"line":35,"column":3}},"loc":{"start":{"line":35,"column":24},"end":{"line":37,"column":3}},"line":35},"7":{"name":"(anonymous_7)","decl":{"start":{"line":38,"column":2},"end":{"line":38,"column":3}},"loc":{"start":{"line":38,"column":27},"end":{"line":40,"column":3}},"line":38},"8":{"name":"(anonymous_8)","decl":{"start":{"line":41,"column":2},"end":{"line":41,"column":3}},"loc":{"start":{"line":41,"column":15},"end":{"line":43,"column":3}},"line":41},"9":{"name":"(anonymous_9)","decl":{"start":{"line":44,"column":2},"end":{"line":44,"column":3}},"loc":{"start":{"line":44,"column":18},"end":{"line":46,"column":3}},"line":44},"10":{"name":"(anonymous_10)","decl":{"start":{"line":47,"column":2},"end":{"line":47,"column":3}},"loc":{"start":{"line":47,"column":14},"end":{"line":49,"column":3}},"line":47},"11":{"name":"(anonymous_11)","decl":{"start":{"line":50,"column":2},"end":{"line":50,"column":3}},"loc":{"start":{"line":50,"column":17},"end":{"line":52,"column":3}},"line":50},"12":{"name":"(anonymous_12)","decl":{"start":{"line":54,"column":2},"end":{"line":54,"column":3}},"loc":{"start":{"line":54,"column":18},"end":{"line":56,"column":3}},"line":54},"13":{"name":"(anonymous_13)","decl":{"start":{"line":58,"column":2},"end":{"line":58,"column":3}},"loc":{"start":{"line":58,"column":15},"end":{"line":60,"column":3}},"line":58},"14":{"name":"(anonymous_14)","decl":{"start":{"line":62,"column":2},"end":{"line":62,"column":3}},"loc":{"start":{"line":62,"column":20},"end":{"line":64,"column":3}},"line":62},"15":{"name":"(anonymous_15)","decl":{"start":{"line":66,"column":2},"end":{"line":66,"column":3}},"loc":{"start":{"line":66,"column":24},"end":{"line":68,"column":3}},"line":66},"16":{"name":"(anonymous_16)","decl":{"start":{"line":70,"column":2},"end":{"line":70,"column":3}},"loc":{"start":{"line":70,"column":19},"end":{"line":81,"column":3}},"line":70},"17":{"name":"(anonymous_17)","decl":{"start":{"line":74,"column":12},"end":{"line":74,"column":13}},"loc":{"start":{"line":74,"column":22},"end":{"line":74,"column":37}},"line":74},"18":{"name":"(anonymous_18)","decl":{"start":{"line":75,"column":15},"end":{"line":75,"column":16}},"loc":{"start":{"line":75,"column":22},"end":{"line":79,"column":7}},"line":75},"19":{"name":"(anonymous_19)","decl":{"start":{"line":85,"column":2},"end":{"line":85,"column":3}},"loc":{"start":{"line":85,"column":31},"end":{"line":90,"column":3}},"line":85},"20":{"name":"(anonymous_20)","decl":{"start":{"line":92,"column":2},"end":{"line":92,"column":3}},"loc":{"start":{"line":92,"column":13},"end":{"line":94,"column":3}},"line":92},"21":{"name":"(anonymous_21)","decl":{"start":{"line":96,"column":2},"end":{"line":96,"column":3}},"loc":{"start":{"line":96,"column":13},"end":{"line":98,"column":3}},"line":96},"22":{"name":"(anonymous_22)","decl":{"start":{"line":100,"column":2},"end":{"line":100,"column":3}},"loc":{"start":{"line":100,"column":16},"end":{"line":102,"column":3}},"line":100},"23":{"name":"(anonymous_23)","decl":{"start":{"line":104,"column":2},"end":{"line":104,"column":3}},"loc":{"start":{"line":104,"column":19},"end":{"line":106,"column":3}},"line":104},"24":{"name":"(anonymous_24)","decl":{"start":{"line":108,"column":2},"end":{"line":108,"column":3}},"loc":{"start":{"line":108,"column":28},"end":{"line":113,"column":3}},"line":108}},"branchMap":{"0":{"loc":{"start":{"line":89,"column":23},"end":{"line":89,"column":43}},"type":"binary-expr","locations":[{"start":{"line":89,"column":23},"end":{"line":89,"column":38}},{"start":{"line":89,"column":42},"end":{"line":89,"column":43}}],"line":89},"1":{"loc":{"start":{"line":110,"column":26},"end":{"line":110,"column":59}},"type":"cond-expr","locations":[{"start":{"line":110,"column":49},"end":{"line":110,"column":50}},{"start":{"line":110,"column":53},"end":{"line":110,"column":59}}],"line":110}},"s":{"0":5,"1":8,"2":8,"3":8,"4":8,"5":8,"6":8,"7":15,"8":15,"9":15,"10":0,"11":6,"12":11,"13":1,"14":5,"15":2,"16":5,"17":0,"18":5,"19":5,"20":5,"21":5,"22":5,"23":5,"24":5,"25":16,"26":12,"27":12,"28":12,"29":5,"30":15,"31":15,"32":15,"33":15,"34":0,"35":44,"36":0,"37":27,"38":1,"39":1,"40":1,"41":1,"42":1},"f":{"0":5,"1":8,"2":15,"3":15,"4":0,"5":6,"6":11,"7":1,"8":5,"9":2,"10":5,"11":0,"12":5,"13":5,"14":5,"15":5,"16":5,"17":16,"18":12,"19":15,"20":0,"21":44,"22":0,"23":27,"24":1},"b":{"0":[15,0],"1":[0,1]},"_coverageSchema":"1a1c01bbd47fc00a2c39e90264f33305004495a9","hash":"063a1625288951642b7b49b7a9c00051c2022e59"}
}
