TN:
SF:app.js
FN:1,sampleProvinceData
FN:15,(anonymous_1)
FN:21,(anonymous_2)
FN:24,(anonymous_3)
FN:29,(anonymous_4)
FN:32,(anonymous_5)
FN:35,(anonymous_6)
FN:38,(anonymous_7)
FN:41,(anonymous_8)
FN:44,(anonymous_9)
FN:47,(anonymous_10)
FN:50,(anonymous_11)
FN:54,(anonymous_12)
FN:58,(anonymous_13)
FN:62,(anonymous_14)
FN:66,(anonymous_15)
FN:70,(anonymous_16)
FN:74,(anonymous_17)
FN:75,(anonymous_18)
FN:85,(anonymous_19)
FN:92,(anonymous_20)
FN:96,(anonymous_21)
FN:100,(anonymous_22)
FN:104,(anonymous_23)
FN:108,(anonymous_24)
FNF:25
FNH:21
FNDA:5,sampleProvinceData
FNDA:8,(anonymous_1)
FNDA:15,(anonymous_2)
FNDA:15,(anonymous_3)
FNDA:0,(anonymous_4)
FNDA:6,(anonymous_5)
FNDA:11,(anonymous_6)
FNDA:1,(anonymous_7)
FNDA:5,(anonymous_8)
FNDA:2,(anonymous_9)
FNDA:5,(anonymous_10)
FNDA:0,(anonymous_11)
FNDA:5,(anonymous_12)
FNDA:5,(anonymous_13)
FNDA:5,(anonymous_14)
FNDA:5,(anonymous_15)
FNDA:5,(anonymous_16)
FNDA:16,(anonymous_17)
FNDA:12,(anonymous_18)
FNDA:15,(anonymous_19)
FNDA:0,(anonymous_20)
FNDA:44,(anonymous_21)
FNDA:0,(anonymous_22)
FNDA:27,(anonymous_23)
FNDA:1,(anonymous_24)
DA:2,5
DA:16,8
DA:17,8
DA:18,8
DA:19,8
DA:20,8
DA:21,15
DA:25,15
DA:26,15
DA:30,0
DA:33,6
DA:36,11
DA:39,1
DA:42,5
DA:45,2
DA:48,5
DA:51,0
DA:55,5
DA:59,5
DA:63,5
DA:67,5
DA:71,5
DA:72,5
DA:73,5
DA:74,16
DA:76,12
DA:77,12
DA:78,12
DA:80,5
DA:86,15
DA:87,15
DA:88,15
DA:89,15
DA:93,0
DA:97,44
DA:101,0
DA:105,27
DA:109,1
DA:110,1
DA:111,1
DA:112,1
DA:116,1
LF:42
LH:38
BRDA:89,0,0,15
BRDA:89,0,1,0
BRDA:110,1,0,0
BRDA:110,1,1,1
BRF:4
BRH:2
end_of_record
